<?xml version="1.0" encoding="UTF-8"?>
<!-- Generated by org.testng.reporters.JUnitReportReporter -->
<testsuite hostname="DESKTOP-BJ01NN1" failures="0" tests="1" name="test.day1" time="0.006" errors="0" timestamp="05 Feb 2019 18:38:35 GMT" skipped="0">
  <testcase classname="test.day1" name="Demo" time="0.006"/>
</testsuite> <!-- test.day1 -->
